Removed Pin From Net: NetName=A1 Pin=P16-1
Removed Pin From Net: NetName=A2 Pin=P16-2
Removed Pin From Net: NetName=A3 Pin=P16-3
Removed Pin From Net: NetName=A4 Pin=P16-4
Removed Pin From Net: NetName=B1 Pin=P16-5
Removed Pin From Net: NetName=B2 Pin=P16-6
Removed Pin From Net: NetName=B3 Pin=P16-7
Removed Pin From Net: NetName=B4 Pin=P16-8
Removed Pin From Net: NetName=C1 Pin=P16-9
Removed Pin From Net: NetName=C2 Pin=P16-10
Removed Pin From Net: NetName=C3 Pin=P16-11
Removed Pin From Net: NetName=C4 Pin=P16-12
Removed Pin From Net: NetName=D1 Pin=P16-13
Removed Pin From Net: NetName=D2 Pin=P16-14
Removed Pin From Net: NetName=D3 Pin=P16-15
Removed Pin From Net: NetName=D4 Pin=P16-16
Added Pin To Net: NetName=D1 Pin=P16-1
Added Pin To Net: NetName=D2 Pin=P16-2
Added Pin To Net: NetName=D3 Pin=P16-3
Added Pin To Net: NetName=D4 Pin=P16-4
Added Pin To Net: NetName=C1 Pin=P16-5
Added Pin To Net: NetName=C2 Pin=P16-6
Added Pin To Net: NetName=C3 Pin=P16-7
Added Pin To Net: NetName=C4 Pin=P16-8
Added Pin To Net: NetName=B1 Pin=P16-9
Added Pin To Net: NetName=B2 Pin=P16-10
Added Pin To Net: NetName=B3 Pin=P16-11
Added Pin To Net: NetName=B4 Pin=P16-12
Added Pin To Net: NetName=A1 Pin=P16-13
Added Pin To Net: NetName=A2 Pin=P16-14
Added Pin To Net: NetName=A3 Pin=P16-15
Added Pin To Net: NetName=A4 Pin=P16-16
