Added Component: Designator=J1(XT30-PW-F)
Added Component: Designator=J2(XT30-PW-F)
Added Component: Designator=J3(XT30-PW-F)
Added Component: Designator=J4(XT30-PW-F)
Added Component: Designator=P1(Pin-PB-F-1*3)
Added Component: Designator=P2(Pin-PB-M-1*20)
Added Component: Designator=P3(GH1.25-PW-1*2)
Added Component: Designator=P4(GH1.25-PW-1*2)
Added Component: Designator=P5(GH1.25-PW-1*2)
Added Component: Designator=P6(GH1.25-PW-1*2)
Added Component: Designator=P7(XH2.54_AW_1*6)
Added Component: Designator=P8(XH2.54_AW_1*6)
Added Component: Designator=P9(XH2.54_AW_1*6)
Added Component: Designator=P10(XH2.54_AW_1*6)
Added Component: Designator=P11(XH2.54_AW_1*4)
Added Component: Designator=P12(XH2.54_AW_1*4)
Added Component: Designator=P13(XH2.54_AW_1*4)
Added Component: Designator=P14(XH2.54_AW_1*4)
Added Pin To Net: NetName=+5V-P Pin=P1-2
Added Pin To Net: NetName=+5V-P Pin=P11-1
Added Pin To Net: NetName=+5V-P Pin=P12-1
Added Pin To Net: NetName=+5V-P Pin=P13-1
Added Pin To Net: NetName=+5V-P Pin=P14-1
Added Net: Name=+5V-P
Added Pin To Net: NetName=+5V-S Pin=P1-1
Added Pin To Net: NetName=+5V-S Pin=P7-2
Added Pin To Net: NetName=+5V-S Pin=P8-2
Added Pin To Net: NetName=+5V-S Pin=P9-2
Added Pin To Net: NetName=+5V-S Pin=P10-2
Added Net: Name=+5V-S
Added Pin To Net: NetName=+24V Pin=J1-1
Added Pin To Net: NetName=+24V Pin=J2-1
Added Pin To Net: NetName=+24V Pin=J3-1
Added Pin To Net: NetName=+24V Pin=J4-1
Added Net: Name=+24V
Added Pin To Net: NetName=A1 Pin=P2-1
Added Pin To Net: NetName=A1 Pin=P7-3
Added Net: Name=A1
Added Pin To Net: NetName=A2 Pin=P2-2
Added Pin To Net: NetName=A2 Pin=P7-4
Added Net: Name=A2
Added Pin To Net: NetName=A3 Pin=P2-3
Added Pin To Net: NetName=A3 Pin=P7-5
Added Net: Name=A3
Added Pin To Net: NetName=A4 Pin=P2-4
Added Pin To Net: NetName=A4 Pin=P7-6
Added Net: Name=A4
Added Pin To Net: NetName=B1 Pin=P2-5
Added Pin To Net: NetName=B1 Pin=P8-3
Added Net: Name=B1
Added Pin To Net: NetName=B2 Pin=P2-6
Added Pin To Net: NetName=B2 Pin=P8-4
Added Net: Name=B2
Added Pin To Net: NetName=B3 Pin=P2-7
Added Pin To Net: NetName=B3 Pin=P8-5
Added Net: Name=B3
Added Pin To Net: NetName=B4 Pin=P2-8
Added Pin To Net: NetName=B4 Pin=P8-6
Added Net: Name=B4
Added Pin To Net: NetName=C1 Pin=P2-9
Added Pin To Net: NetName=C1 Pin=P9-3
Added Net: Name=C1
Added Pin To Net: NetName=C2 Pin=P2-10
Added Pin To Net: NetName=C2 Pin=P9-4
Added Net: Name=C2
Added Pin To Net: NetName=C3 Pin=P2-11
Added Pin To Net: NetName=C3 Pin=P9-5
Added Net: Name=C3
Added Pin To Net: NetName=C4 Pin=P2-12
Added Pin To Net: NetName=C4 Pin=P9-6
Added Net: Name=C4
Added Pin To Net: NetName=CAN_H Pin=P2-17
Added Pin To Net: NetName=CAN_H Pin=P3-1
Added Pin To Net: NetName=CAN_H Pin=P4-1
Added Pin To Net: NetName=CAN_H Pin=P5-1
Added Pin To Net: NetName=CAN_H Pin=P6-1
Added Net: Name=CAN_H
Added Pin To Net: NetName=CAN_L Pin=P2-18
Added Pin To Net: NetName=CAN_L Pin=P3-2
Added Pin To Net: NetName=CAN_L Pin=P4-2
Added Pin To Net: NetName=CAN_L Pin=P5-2
Added Pin To Net: NetName=CAN_L Pin=P6-2
Added Net: Name=CAN_L
Added Pin To Net: NetName=D1 Pin=P2-13
Added Pin To Net: NetName=D1 Pin=P10-3
Added Net: Name=D1
Added Pin To Net: NetName=D2 Pin=P2-14
Added Pin To Net: NetName=D2 Pin=P10-4
Added Net: Name=D2
Added Pin To Net: NetName=D3 Pin=P2-15
Added Pin To Net: NetName=D3 Pin=P10-5
Added Net: Name=D3
Added Pin To Net: NetName=D4 Pin=P2-16
Added Pin To Net: NetName=D4 Pin=P10-6
Added Net: Name=D4
Added Pin To Net: NetName=GND Pin=J1-2
Added Pin To Net: NetName=GND Pin=J2-2
Added Pin To Net: NetName=GND Pin=J3-2
Added Pin To Net: NetName=GND Pin=J4-2
Added Pin To Net: NetName=GND Pin=P1-3
Added Pin To Net: NetName=GND Pin=P2-19
Added Pin To Net: NetName=GND Pin=P7-1
Added Pin To Net: NetName=GND Pin=P8-1
Added Pin To Net: NetName=GND Pin=P9-1
Added Pin To Net: NetName=GND Pin=P10-1
Added Pin To Net: NetName=GND Pin=P11-2
Added Pin To Net: NetName=GND Pin=P12-2
Added Pin To Net: NetName=GND Pin=P13-2
Added Pin To Net: NetName=GND Pin=P14-2
Added Net: Name=GND
Added Pin To Net: NetName=LED_Din Pin=P2-20
Added Pin To Net: NetName=LED_Din Pin=P11-3
Added Net: Name=LED_Din
Added Pin To Net: NetName=NetP11_4 Pin=P11-4
Added Pin To Net: NetName=NetP11_4 Pin=P12-3
Added Net: Name=NetP11_4
Added Pin To Net: NetName=NetP12_4 Pin=P12-4
Added Pin To Net: NetName=NetP12_4 Pin=P13-3
Added Net: Name=NetP12_4
Added Pin To Net: NetName=NetP13_4 Pin=P13-4
Added Pin To Net: NetName=NetP13_4 Pin=P14-3
Added Net: Name=NetP13_4
Added Class: Name=main
Added Room: Name=main
