Added Component: Designator=C1_TPS54360-5VP(0603C)
Added Component: Designator=C2_TPS54360-5VP(0805C)
Added Component: Designator=C3_TPS54360-5VP(3528B/1210)
Added Component: Designator=C4_TPS54360-5VP(0805C)
Added Component: Designator=C5_TPS54360-5VP(0603C)
Added Component: Designator=C6_TPS54360-5VP(0603C)
Added Component: Designator=D1_TPS54360-5VP(SMA)
Added Component: Designator=L1_TPS54360-5VP(0630L)
Added Component: Designator=R1_TPS54360-5VP(0603R)
Added Component: Designator=R2_TPS54360-5VP(0603R)
Added Component: Designator=R3_TPS54360-5VP(0603R)
Added Component: Designator=R4_TPS54360-5VP(0603R)
Added Component: Designator=U1_TPS54360-5VP(SOP-8-PP)
Added Pin To Net: NetName=NetC1_TPS54360-5VP_1 Pin=C1_TPS54360-5VP-1
Added Pin To Net: NetName=NetC1_TPS54360-5VP_2 Pin=C1_TPS54360-5VP-2
Added Pin To Net: NetName=GND Pin=C2_TPS54360-5VP-1
Added Pin To Net: NetName=VCC Pin=C2_TPS54360-5VP-2
Added Pin To Net: NetName=+5VP Pin=C3_TPS54360-5VP-1
Added Pin To Net: NetName=GND Pin=C3_TPS54360-5VP-2
Added Pin To Net: NetName=GND Pin=C4_TPS54360-5VP-1
Added Pin To Net: NetName=+5VP Pin=C4_TPS54360-5VP-2
Added Pin To Net: NetName=NetC5_TPS54360-5VP_1 Pin=C5_TPS54360-5VP-1
Added Pin To Net: NetName=GND Pin=C5_TPS54360-5VP-2
Added Pin To Net: NetName=NetC6_TPS54360-5VP_1 Pin=C6_TPS54360-5VP-1
Added Pin To Net: NetName=GND Pin=C6_TPS54360-5VP-2
Added Pin To Net: NetName=GND Pin=D1_TPS54360-5VP-1
Added Pin To Net: NetName=NetC1_TPS54360-5VP_1 Pin=D1_TPS54360-5VP-2
Added Pin To Net: NetName=NetC1_TPS54360-5VP_1 Pin=L1_TPS54360-5VP-1
Added Pin To Net: NetName=+5VP Pin=L1_TPS54360-5VP-2
Added Pin To Net: NetName=FB_54360_TPS54360-5VP Pin=R1_TPS54360-5VP-1
Added Pin To Net: NetName=+5VP Pin=R1_TPS54360-5VP-2
Added Pin To Net: NetName=NetC6_TPS54360-5VP_1 Pin=R2_TPS54360-5VP-1
Added Pin To Net: NetName=NetC5_TPS54360-5VP_1 Pin=R2_TPS54360-5VP-2
Added Pin To Net: NetName=GND Pin=R3_TPS54360-5VP-1
Added Pin To Net: NetName=FB_54360_TPS54360-5VP Pin=R3_TPS54360-5VP-2
Added Pin To Net: NetName=GND Pin=R4_TPS54360-5VP-1
Added Pin To Net: NetName=NetR4_TPS54360-5VP_2 Pin=R4_TPS54360-5VP-2
Added Pin To Net: NetName=NetC1_TPS54360-5VP_2 Pin=U1_TPS54360-5VP-1
Added Pin To Net: NetName=VCC Pin=U1_TPS54360-5VP-2
Added Pin To Net: NetName=NetR4_TPS54360-5VP_2 Pin=U1_TPS54360-5VP-4
Added Pin To Net: NetName=FB_54360_TPS54360-5VP Pin=U1_TPS54360-5VP-5
Added Pin To Net: NetName=NetC5_TPS54360-5VP_1 Pin=U1_TPS54360-5VP-6
Added Pin To Net: NetName=GND Pin=U1_TPS54360-5VP-7
Added Pin To Net: NetName=NetC1_TPS54360-5VP_1 Pin=U1_TPS54360-5VP-8
Added Pin To Net: NetName=GND Pin=U1_TPS54360-5VP-9
Added Member To Class: ClassName=TPS54360-5VP Member=Component C1_TPS54360-5VP (C1) 100nF
Added Member To Class: ClassName=TPS54360-5VP Member=Component C2_TPS54360-5VP (C2) 4.7uF
Added Member To Class: ClassName=TPS54360-5VP Member=Component C3_TPS54360-5VP (C3) Ó„µÁ»›
Added Member To Class: ClassName=TPS54360-5VP Member=Component C4_TPS54360-5VP (C4) 47uF
Added Member To Class: ClassName=TPS54360-5VP Member=Component C5_TPS54360-5VP (C5) 4.7nF
Added Member To Class: ClassName=TPS54360-5VP Member=Component C6_TPS54360-5VP (C6) 4.7nF
Added Member To Class: ClassName=TPS54360-5VP Member=Component D1_TPS54360-5VP (D1) SS56
Added Member To Class: ClassName=TPS54360-5VP Member=Component L1_TPS54360-5VP (L1) 10uH
Added Member To Class: ClassName=TPS54360-5VP Member=Component R1_TPS54360-5VP (R1) 60.4K
Added Member To Class: ClassName=TPS54360-5VP Member=Component R2_TPS54360-5VP (R2) 28.7K
Added Member To Class: ClassName=TPS54360-5VP Member=Component R3_TPS54360-5VP (R3) 11.5K
Added Member To Class: ClassName=TPS54360-5VP Member=Component R4_TPS54360-5VP (R4) 124K
Added Member To Class: ClassName=TPS54360-5VP Member=Component U1_TPS54360-5VP (U1) TPS54360
Added Room: Name=TPS54360-5VP
