Added Component: Designator=C1_TPS54360-5VP(0603C)
Added Component: Designator=C1_TPS54360-5VS(0603C)
Added Component: Designator=C1_TPS54360-12V(0603C)
Added Component: Designator=C2_TPS54360-5VP(0805C)
Added Component: Designator=C2_TPS54360-5VS(0805C)
Added Component: Designator=C2_TPS54360-12V(0805C)
Added Component: Designator=C3_TPS54360-5VP(0805C)
Added Component: Designator=C3_TPS54360-5VS(0805C)
Added Component: Designator=C3_TPS54360-12V(0805C)
Added Component: Designator=C4_TPS54360-5VP(0805C)
Added Component: Designator=C4_TPS54360-5VS(0805C)
Added Component: Designator=C4_TPS54360-12V(0805C)
Added Component: Designator=C5_TPS54360-5VP(0603C)
Added Component: Designator=C5_TPS54360-5VS(0603C)
Added Component: Designator=C5_TPS54360-12V(0603C)
Added Component: Designator=C6_TPS54360-5VP(0603C)
Added Component: Designator=C6_TPS54360-5VS(0603C)
Added Component: Designator=C6_TPS54360-12V(0603C)
Added Component: Designator=D1_TPS54360-5VP(SMA)
Added Component: Designator=D1_TPS54360-5VS(SMA)
Added Component: Designator=D1_TPS54360-12V(SMA)
Added Component: Designator=D2(SMA)
Added Component: Designator=J1(XT30-PW-F)
Added Component: Designator=J2(XT30-PW-F)
Added Component: Designator=J3(XT60-PT-M)
Added Component: Designator=L1_TPS54360-5VP(0630L)
Added Component: Designator=L1_TPS54360-5VS(0630L)
Added Component: Designator=L1_TPS54360-12V(0630L)
Added Component: Designator=LED1(0603D)
Added Component: Designator=LED2(0603D)
Added Component: Designator=LED3(0603D)
Added Component: Designator=LED4(0603D)
Added Component: Designator=P1(XH2.54-PB-1*3)
Added Component: Designator=P2(XH2.54_AW_1*2)
Added Component: Designator=P3(Pin-PB-M-1*6)
Added Component: Designator=P4(Pin-PB-M-1*3)
Added Component: Designator=P5(Pin-PB-M-1*3)
Added Component: Designator=P6(Pin-PB-M-1*3)
Added Component: Designator=P7(Pin-PB-M-1*3)
Added Component: Designator=R1_TPS54360-5VP(0603R)
Added Component: Designator=R1_TPS54360-5VS(0603R)
Added Component: Designator=R1_TPS54360-12V(0603R)
Added Component: Designator=R2_TPS54360-5VP(0603R)
Added Component: Designator=R2_TPS54360-5VS(0603R)
Added Component: Designator=R2_TPS54360-12V(0603R)
Added Component: Designator=R3_TPS54360-5VP(0603R)
Added Component: Designator=R3_TPS54360-5VS(0603R)
Added Component: Designator=R3_TPS54360-12V(0603R)
Added Component: Designator=R4_TPS54360-5VP(0603R)
Added Component: Designator=R4_TPS54360-5VS(0603R)
Added Component: Designator=R4_TPS54360-12V(0603R)
Added Component: Designator=R5(0402R)
Added Component: Designator=R6(0402R)
Added Component: Designator=R7(0402R)
Added Component: Designator=R8(0402R)
Added Component: Designator=U1_TPS54360-5VP(SOP-8-PP)
Added Component: Designator=U1_TPS54360-5VS(SOP-8-PP)
Added Component: Designator=U1_TPS54360-12V(SOP-8-PP)
Added Pin To Net: NetName=NetC1_TPS54360-5VP_1 Pin=C1_TPS54360-5VP-1
Added Pin To Net: NetName=NetC1_TPS54360-5VP_2 Pin=C1_TPS54360-5VP-2
Added Pin To Net: NetName=NetC1_TPS54360-5VS_1 Pin=C1_TPS54360-5VS-1
Added Pin To Net: NetName=NetC1_TPS54360-5VS_2 Pin=C1_TPS54360-5VS-2
Added Pin To Net: NetName=NetC1_TPS54360-12V_1 Pin=C1_TPS54360-12V-1
Added Pin To Net: NetName=NetC1_TPS54360-12V_2 Pin=C1_TPS54360-12V-2
Added Pin To Net: NetName=GND Pin=C2_TPS54360-5VP-1
Added Pin To Net: NetName=VCC Pin=C2_TPS54360-5VP-2
Added Pin To Net: NetName=GND Pin=C2_TPS54360-5VS-1
Added Pin To Net: NetName=VCC Pin=C2_TPS54360-5VS-2
Added Pin To Net: NetName=GND Pin=C2_TPS54360-12V-1
Added Pin To Net: NetName=VCC Pin=C2_TPS54360-12V-2
Added Pin To Net: NetName=GND Pin=C3_TPS54360-5VP-1
Added Pin To Net: NetName=+5VP Pin=C3_TPS54360-5VP-2
Added Pin To Net: NetName=GND Pin=C3_TPS54360-5VS-1
Added Pin To Net: NetName=+5VS Pin=C3_TPS54360-5VS-2
Added Pin To Net: NetName=GND Pin=C3_TPS54360-12V-1
Added Pin To Net: NetName=+12V Pin=C3_TPS54360-12V-2
Added Pin To Net: NetName=GND Pin=C4_TPS54360-5VP-1
Added Pin To Net: NetName=+5VP Pin=C4_TPS54360-5VP-2
Added Pin To Net: NetName=GND Pin=C4_TPS54360-5VS-1
Added Pin To Net: NetName=+5VS Pin=C4_TPS54360-5VS-2
Added Pin To Net: NetName=GND Pin=C4_TPS54360-12V-1
Added Pin To Net: NetName=+12V Pin=C4_TPS54360-12V-2
Added Pin To Net: NetName=NetC5_TPS54360-5VP_1 Pin=C5_TPS54360-5VP-1
Added Pin To Net: NetName=GND Pin=C5_TPS54360-5VP-2
Added Pin To Net: NetName=NetC5_TPS54360-5VS_1 Pin=C5_TPS54360-5VS-1
Added Pin To Net: NetName=GND Pin=C5_TPS54360-5VS-2
Added Pin To Net: NetName=NetC5_TPS54360-12V_1 Pin=C5_TPS54360-12V-1
Added Pin To Net: NetName=GND Pin=C5_TPS54360-12V-2
Added Pin To Net: NetName=NetC6_TPS54360-5VP_1 Pin=C6_TPS54360-5VP-1
Added Pin To Net: NetName=GND Pin=C6_TPS54360-5VP-2
Added Pin To Net: NetName=NetC6_TPS54360-5VS_1 Pin=C6_TPS54360-5VS-1
Added Pin To Net: NetName=GND Pin=C6_TPS54360-5VS-2
Added Pin To Net: NetName=NetC6_TPS54360-12V_1 Pin=C6_TPS54360-12V-1
Added Pin To Net: NetName=GND Pin=C6_TPS54360-12V-2
Added Pin To Net: NetName=GND Pin=D1_TPS54360-5VP-1
Added Pin To Net: NetName=NetC1_TPS54360-5VP_1 Pin=D1_TPS54360-5VP-2
Added Pin To Net: NetName=GND Pin=D1_TPS54360-5VS-1
Added Pin To Net: NetName=NetC1_TPS54360-5VS_1 Pin=D1_TPS54360-5VS-2
Added Pin To Net: NetName=GND Pin=D1_TPS54360-12V-1
Added Pin To Net: NetName=NetC1_TPS54360-12V_1 Pin=D1_TPS54360-12V-2
Added Pin To Net: NetName=GND Pin=D2-1
Added Pin To Net: NetName=VCC Pin=D2-2
Added Pin To Net: NetName=VCC Pin=J1-1
Added Pin To Net: NetName=GND Pin=J1-2
Added Pin To Net: NetName=+12V Pin=J2-1
Added Pin To Net: NetName=GND Pin=J2-2
Added Pin To Net: NetName=VCC Pin=J3-1
Added Pin To Net: NetName=GND Pin=J3-2
Added Pin To Net: NetName=NetC1_TPS54360-5VP_1 Pin=L1_TPS54360-5VP-1
Added Pin To Net: NetName=+5VP Pin=L1_TPS54360-5VP-2
Added Pin To Net: NetName=NetC1_TPS54360-5VS_1 Pin=L1_TPS54360-5VS-1
Added Pin To Net: NetName=+5VS Pin=L1_TPS54360-5VS-2
Added Pin To Net: NetName=NetC1_TPS54360-12V_1 Pin=L1_TPS54360-12V-1
Added Pin To Net: NetName=+12V Pin=L1_TPS54360-12V-2
Added Pin To Net: NetName=NetLED1_1 Pin=LED1-1
Added Pin To Net: NetName=GND Pin=LED1-2
Added Pin To Net: NetName=NetLED2_1 Pin=LED2-1
Added Pin To Net: NetName=GND Pin=LED2-2
Added Pin To Net: NetName=NetLED3_1 Pin=LED3-1
Added Pin To Net: NetName=GND Pin=LED3-2
Added Pin To Net: NetName=NetLED4_1 Pin=LED4-1
Added Pin To Net: NetName=GND Pin=LED4-2
Added Pin To Net: NetName=+5VS Pin=P1-1
Added Pin To Net: NetName=+5VP Pin=P1-2
Added Pin To Net: NetName=GND Pin=P1-3
Added Pin To Net: NetName=+5VS Pin=P2-1
Added Pin To Net: NetName=GND Pin=P2-2
Added Pin To Net: NetName=GND Pin=P3-1
Added Pin To Net: NetName=GND Pin=P3-2
Added Pin To Net: NetName=GND Pin=P3-3
Added Pin To Net: NetName=GND Pin=P3-4
Added Pin To Net: NetName=GND Pin=P3-5
Added Pin To Net: NetName=GND Pin=P3-6
Added Pin To Net: NetName=VCC Pin=P4-1
Added Pin To Net: NetName=VCC Pin=P4-2
Added Pin To Net: NetName=VCC Pin=P4-3
Added Pin To Net: NetName=+12V Pin=P5-1
Added Pin To Net: NetName=+12V Pin=P5-2
Added Pin To Net: NetName=+12V Pin=P5-3
Added Pin To Net: NetName=+5VS Pin=P6-1
Added Pin To Net: NetName=+5VS Pin=P6-2
Added Pin To Net: NetName=+5VS Pin=P6-3
Added Pin To Net: NetName=+5VP Pin=P7-1
Added Pin To Net: NetName=+5VP Pin=P7-2
Added Pin To Net: NetName=+5VP Pin=P7-3
Added Pin To Net: NetName=FB_54360_TPS54360-5VP Pin=R1_TPS54360-5VP-1
Added Pin To Net: NetName=+5VP Pin=R1_TPS54360-5VP-2
Added Pin To Net: NetName=FB_54360_TPS54360-5VS Pin=R1_TPS54360-5VS-1
Added Pin To Net: NetName=+5VS Pin=R1_TPS54360-5VS-2
Added Pin To Net: NetName=FB_54360_TPS54360-12V Pin=R1_TPS54360-12V-1
Added Pin To Net: NetName=+12V Pin=R1_TPS54360-12V-2
Added Pin To Net: NetName=NetC6_TPS54360-5VP_1 Pin=R2_TPS54360-5VP-1
Added Pin To Net: NetName=NetC5_TPS54360-5VP_1 Pin=R2_TPS54360-5VP-2
Added Pin To Net: NetName=NetC6_TPS54360-5VS_1 Pin=R2_TPS54360-5VS-1
Added Pin To Net: NetName=NetC5_TPS54360-5VS_1 Pin=R2_TPS54360-5VS-2
Added Pin To Net: NetName=NetC6_TPS54360-12V_1 Pin=R2_TPS54360-12V-1
Added Pin To Net: NetName=NetC5_TPS54360-12V_1 Pin=R2_TPS54360-12V-2
Added Pin To Net: NetName=GND Pin=R3_TPS54360-5VP-1
Added Pin To Net: NetName=FB_54360_TPS54360-5VP Pin=R3_TPS54360-5VP-2
Added Pin To Net: NetName=GND Pin=R3_TPS54360-5VS-1
Added Pin To Net: NetName=FB_54360_TPS54360-5VS Pin=R3_TPS54360-5VS-2
Added Pin To Net: NetName=GND Pin=R3_TPS54360-12V-1
Added Pin To Net: NetName=FB_54360_TPS54360-12V Pin=R3_TPS54360-12V-2
Added Pin To Net: NetName=GND Pin=R4_TPS54360-5VP-1
Added Pin To Net: NetName=NetR4_TPS54360-5VP_2 Pin=R4_TPS54360-5VP-2
Added Pin To Net: NetName=GND Pin=R4_TPS54360-5VS-1
Added Pin To Net: NetName=NetR4_TPS54360-5VS_2 Pin=R4_TPS54360-5VS-2
Added Pin To Net: NetName=GND Pin=R4_TPS54360-12V-1
Added Pin To Net: NetName=NetR4_TPS54360-12V_2 Pin=R4_TPS54360-12V-2
Added Pin To Net: NetName=NetLED1_1 Pin=R5-1
Added Pin To Net: NetName=VCC Pin=R5-2
Added Pin To Net: NetName=NetLED2_1 Pin=R6-1
Added Pin To Net: NetName=+12V Pin=R6-2
Added Pin To Net: NetName=NetLED3_1 Pin=R7-1
Added Pin To Net: NetName=+5VS Pin=R7-2
Added Pin To Net: NetName=NetLED4_1 Pin=R8-1
Added Pin To Net: NetName=+5VP Pin=R8-2
Added Pin To Net: NetName=NetC1_TPS54360-5VP_2 Pin=U1_TPS54360-5VP-1
Added Pin To Net: NetName=VCC Pin=U1_TPS54360-5VP-2
Added Pin To Net: NetName=NetR4_TPS54360-5VP_2 Pin=U1_TPS54360-5VP-4
Added Pin To Net: NetName=FB_54360_TPS54360-5VP Pin=U1_TPS54360-5VP-5
Added Pin To Net: NetName=NetC5_TPS54360-5VP_1 Pin=U1_TPS54360-5VP-6
Added Pin To Net: NetName=GND Pin=U1_TPS54360-5VP-7
Added Pin To Net: NetName=NetC1_TPS54360-5VP_1 Pin=U1_TPS54360-5VP-8
Added Pin To Net: NetName=GND Pin=U1_TPS54360-5VP-9
Added Pin To Net: NetName=NetC1_TPS54360-5VS_2 Pin=U1_TPS54360-5VS-1
Added Pin To Net: NetName=VCC Pin=U1_TPS54360-5VS-2
Added Pin To Net: NetName=NetR4_TPS54360-5VS_2 Pin=U1_TPS54360-5VS-4
Added Pin To Net: NetName=FB_54360_TPS54360-5VS Pin=U1_TPS54360-5VS-5
Added Pin To Net: NetName=NetC5_TPS54360-5VS_1 Pin=U1_TPS54360-5VS-6
Added Pin To Net: NetName=GND Pin=U1_TPS54360-5VS-7
Added Pin To Net: NetName=NetC1_TPS54360-5VS_1 Pin=U1_TPS54360-5VS-8
Added Pin To Net: NetName=GND Pin=U1_TPS54360-5VS-9
Added Pin To Net: NetName=NetC1_TPS54360-12V_2 Pin=U1_TPS54360-12V-1
Added Pin To Net: NetName=VCC Pin=U1_TPS54360-12V-2
Added Pin To Net: NetName=NetR4_TPS54360-12V_2 Pin=U1_TPS54360-12V-4
Added Pin To Net: NetName=FB_54360_TPS54360-12V Pin=U1_TPS54360-12V-5
Added Pin To Net: NetName=NetC5_TPS54360-12V_1 Pin=U1_TPS54360-12V-6
Added Pin To Net: NetName=GND Pin=U1_TPS54360-12V-7
Added Pin To Net: NetName=NetC1_TPS54360-12V_1 Pin=U1_TPS54360-12V-8
Added Pin To Net: NetName=GND Pin=U1_TPS54360-12V-9
Added Member To Class: ClassName=TPS54360-5VP Member=Component C1_TPS54360-5VP (C1) 100nF
Added Member To Class: ClassName=TPS54360-5VS Member=Component C1_TPS54360-5VS (C1) 100nF
Added Member To Class: ClassName=TPS54360-12V Member=Component C1_TPS54360-12V (C1) 100nF
Added Member To Class: ClassName=TPS54360-5VP Member=Component C2_TPS54360-5VP (C2) 4.7uF
Added Member To Class: ClassName=TPS54360-5VS Member=Component C2_TPS54360-5VS (C2) 4.7uF
Added Member To Class: ClassName=TPS54360-12V Member=Component C2_TPS54360-12V (C2) 4.7uF
Added Member To Class: ClassName=TPS54360-5VP Member=Component C3_TPS54360-5VP (C3) 47uF
Added Member To Class: ClassName=TPS54360-5VS Member=Component C3_TPS54360-5VS (C3) 47uF
Added Member To Class: ClassName=TPS54360-12V Member=Component C3_TPS54360-12V (C3) 47uF
Added Member To Class: ClassName=TPS54360-5VP Member=Component C4_TPS54360-5VP (C4) 47uF
Added Member To Class: ClassName=TPS54360-5VS Member=Component C4_TPS54360-5VS (C4) 47uF
Added Member To Class: ClassName=TPS54360-12V Member=Component C4_TPS54360-12V (C4) 47uF
Added Member To Class: ClassName=TPS54360-5VP Member=Component C5_TPS54360-5VP (C5) 4.7nF
Added Member To Class: ClassName=TPS54360-5VS Member=Component C5_TPS54360-5VS (C5) 4.7nF
Added Member To Class: ClassName=TPS54360-12V Member=Component C5_TPS54360-12V (C5) 4.7nF
Added Member To Class: ClassName=TPS54360-5VP Member=Component C6_TPS54360-5VP (C6) 4.7nF
Added Member To Class: ClassName=TPS54360-5VS Member=Component C6_TPS54360-5VS (C6) 4.7nF
Added Member To Class: ClassName=TPS54360-12V Member=Component C6_TPS54360-12V (C6) 4.7nF
Added Member To Class: ClassName=TPS54360-5VP Member=Component D1_TPS54360-5VP (D1) SS56
Added Member To Class: ClassName=TPS54360-5VS Member=Component D1_TPS54360-5VS (D1) SS56
Added Member To Class: ClassName=TPS54360-12V Member=Component D1_TPS54360-12V (D1) SS56
Added Member To Class: ClassName=main Member=Component D2 SMAJ24A
Added Member To Class: ClassName=main Member=Component J1 XT60
Added Member To Class: ClassName=main Member=Component J2 XT60
Added Member To Class: ClassName=main Member=Component J3 XT60
Added Member To Class: ClassName=TPS54360-5VP Member=Component L1_TPS54360-5VP (L1) 10uH
Added Member To Class: ClassName=TPS54360-5VS Member=Component L1_TPS54360-5VS (L1) 10uH
Added Member To Class: ClassName=TPS54360-12V Member=Component L1_TPS54360-12V (L1) 10uH
Added Member To Class: ClassName=main Member=Component LED1 LED
Added Member To Class: ClassName=main Member=Component LED2 LED
Added Member To Class: ClassName=main Member=Component LED3 LED
Added Member To Class: ClassName=main Member=Component LED4 LED
Added Member To Class: ClassName=main Member=Component P1 XH2.54
Added Member To Class: ClassName=main Member=Component P2 XH2.54AW
Added Member To Class: ClassName=main Member=Component P3 
Added Member To Class: ClassName=main Member=Component P4 
Added Member To Class: ClassName=main Member=Component P5 
Added Member To Class: ClassName=main Member=Component P6 
Added Member To Class: ClassName=main Member=Component P7 
Added Member To Class: ClassName=TPS54360-5VP Member=Component R1_TPS54360-5VP (R1) 60.4K
Added Member To Class: ClassName=TPS54360-5VS Member=Component R1_TPS54360-5VS (R1) 60.4K
Added Member To Class: ClassName=TPS54360-12V Member=Component R1_TPS54360-12V (R1) 60.4K
Added Member To Class: ClassName=TPS54360-5VP Member=Component R2_TPS54360-5VP (R2) 28.7K
Added Member To Class: ClassName=TPS54360-5VS Member=Component R2_TPS54360-5VS (R2) 28.7K
Added Member To Class: ClassName=TPS54360-12V Member=Component R2_TPS54360-12V (R2) 28.7K
Added Member To Class: ClassName=TPS54360-5VP Member=Component R3_TPS54360-5VP (R3) 11.5K
Added Member To Class: ClassName=TPS54360-5VS Member=Component R3_TPS54360-5VS (R3) 11.5K
Added Member To Class: ClassName=TPS54360-12V Member=Component R3_TPS54360-12V (R3) 11.5K
Added Member To Class: ClassName=TPS54360-5VP Member=Component R4_TPS54360-5VP (R4) 124K
Added Member To Class: ClassName=TPS54360-5VS Member=Component R4_TPS54360-5VS (R4) 124K
Added Member To Class: ClassName=TPS54360-12V Member=Component R4_TPS54360-12V (R4) 124K
Added Member To Class: ClassName=main Member=Component R5 10K
Added Member To Class: ClassName=main Member=Component R6 10K
Added Member To Class: ClassName=main Member=Component R7 10K
Added Member To Class: ClassName=main Member=Component R8 10K
Added Member To Class: ClassName=TPS54360-5VP Member=Component U1_TPS54360-5VP (U1) TPS54360
Added Member To Class: ClassName=TPS54360-5VS Member=Component U1_TPS54360-5VS (U1) TPS54360
Added Member To Class: ClassName=TPS54360-12V Member=Component U1_TPS54360-12V (U1) TPS54360
Added Room: Name=main
Added Room: Name=TPS54360-5VP
Added Room: Name=TPS54360-5VS
Added Room: Name=TPS54360-12V
