Removed Pin From Net: NetName=GND Pin=C19-1
Removed Pin From Net: NetName=NRST Pin=C19-2
Removed Pin From Net: NetName=NRST Pin=R4-1
Removed Pin From Net: NetName=+3V3 Pin=R4-2
Removed Member From Class: ClassName=main Member=C19
Removed Member From Class: ClassName=main Member=R4
Change Component Footprint: Designator=C1 Old Footprint=0402C New Footprint=0603C
Change Component Footprint: Designator=C2 Old Footprint=0402C New Footprint=0603C
Change Component Footprint: Designator=C3 Old Footprint=0402C New Footprint=0603C
Change Component Footprint: Designator=C4 Old Footprint=0402C New Footprint=0603C
Change Component Footprint: Designator=C5 Old Footprint=0402C New Footprint=0603C
Change Component Footprint: Designator=C6 Old Footprint=0402C New Footprint=0603C
Change Component Footprint: Designator=C7 Old Footprint=0402C New Footprint=0603C
Change Component Footprint: Designator=C8 Old Footprint=0402C New Footprint=0603C
Change Component Footprint: Designator=C9 Old Footprint=0402C New Footprint=0603C
Change Component Footprint: Designator=C10 Old Footprint=0402C New Footprint=0603C
Change Component Footprint: Designator=C11 Old Footprint=0402C New Footprint=0603C
Change Component Footprint: Designator=C12 Old Footprint=0402C New Footprint=0603C
Change Component Footprint: Designator=C13 Old Footprint=0402C New Footprint=0603C
Change Component Footprint: Designator=C14 Old Footprint=0402C New Footprint=0603C
Change Component Footprint: Designator=C15 Old Footprint=0402C New Footprint=0603C
Change Component Footprint: Designator=C16 Old Footprint=0402C New Footprint=0603C
Change Component Footprint: Designator=C17 Old Footprint=0402C New Footprint=0603C
Change Component Footprint: Designator=C18 Old Footprint=0402C New Footprint=0603C
Change Component Footprint: Designator=R1 Old Footprint=0402R New Footprint=0603R
Change Component Footprint: Designator=R2 Old Footprint=0402R New Footprint=0603R
Change Component Footprint: Designator=R3 Old Footprint=0402R New Footprint=0603R
