Added Component: Designator=*1(USB-TypeC-PW-F-16P)
Added Component: Designator=*2(USB-TypeC-PW-F-16P)
Added Component: Designator=1(CMSIS_DAP_PW)
Added Component: Designator=B1(*Button_3*6)
Added Component: Designator=B2(*Button_3*6)
Added Component: Designator=C1(0603C)
Added Component: Designator=C2(3528B/1210)
Added Component: Designator=C3(0603C)
Added Component: Designator=C4(0603C)
Added Component: Designator=C5(0603C)
Added Component: Designator=C6(0603C)
Added Component: Designator=C7(0603C)
Added Component: Designator=C8(0603C)
Added Component: Designator=C9(0603C)
Added Component: Designator=C10(0603C)
Added Component: Designator=C11(0603C)
Added Component: Designator=D1(SMA)
Added Component: Designator=LED1(1206D)
Added Component: Designator=LED2(1206D)
Added Component: Designator=LED3(1206D)
Added Component: Designator=P1(BTB_M_30*2*0.8mm)
Added Component: Designator=P2(BTB_M_30*2*0.8mm)
Added Component: Designator=P3(XH2.54_AW_1*2)
Added Component: Designator=P4(Pin-PB-F-1*2)
Added Component: Designator=P5(FPC0.5-WT-24P)
Added Component: Designator=P6(FPC0.5-WT-10P)
Added Component: Designator=R1(0603R)
Added Component: Designator=R2(0603R)
Added Component: Designator=R3(0603R)
Added Component: Designator=R4(0603R)
Added Component: Designator=R5(0603R)
Added Component: Designator=R6(0603R)
Added Component: Designator=R7(0603R)
Added Component: Designator=U1(SOT-223)
Added Component: Designator=U2(SOP-8)
Added Component: Designator=U4(SOP-8)
Added Pin To Net: NetName=+3V3 Pin=1-4
Added Pin To Net: NetName=+3V3 Pin=C2-1
Added Pin To Net: NetName=+3V3 Pin=C10-2
Added Pin To Net: NetName=+3V3 Pin=D1-1
Added Pin To Net: NetName=+3V3 Pin=P1-1
Added Pin To Net: NetName=+3V3 Pin=P1-60
Added Pin To Net: NetName=+3V3 Pin=P2-30
Added Pin To Net: NetName=+3V3 Pin=P2-31
Added Pin To Net: NetName=+3V3 Pin=P6-6
Added Pin To Net: NetName=+3V3 Pin=R2-2
Added Pin To Net: NetName=+3V3 Pin=R3-2
Added Pin To Net: NetName=+3V3 Pin=R6-2
Added Pin To Net: NetName=+3V3 Pin=U1-2
Added Pin To Net: NetName=+3V3 Pin=U1-4
Added Net: Name=+3V3
Added Pin To Net: NetName=+5V Pin=*1-A4B9
Added Pin To Net: NetName=+5V Pin=*1-B4A9
Added Pin To Net: NetName=+5V Pin=*2-A4B9
Added Pin To Net: NetName=+5V Pin=*2-B4A9
Added Pin To Net: NetName=+5V Pin=C1-2
Added Pin To Net: NetName=+5V Pin=C4-1
Added Pin To Net: NetName=+5V Pin=C9-1
Added Pin To Net: NetName=+5V Pin=D1-2
Added Pin To Net: NetName=+5V Pin=P3-1
Added Pin To Net: NetName=+5V Pin=R5-2
Added Pin To Net: NetName=+5V Pin=U1-3
Added Pin To Net: NetName=+5V Pin=U2-3
Added Pin To Net: NetName=+5V Pin=U4-3
Added Net: Name=+5V
Added Pin To Net: NetName=A1 Pin=P1-39
Added Pin To Net: NetName=A1 Pin=P5-9
Added Net: Name=A1
Added Pin To Net: NetName=A2 Pin=P1-38
Added Pin To Net: NetName=A2 Pin=P5-10
Added Net: Name=A2
Added Pin To Net: NetName=A3 Pin=P1-37
Added Pin To Net: NetName=A3 Pin=P5-11
Added Net: Name=A3
Added Pin To Net: NetName=A4 Pin=P1-36
Added Pin To Net: NetName=A4 Pin=P5-12
Added Net: Name=A4
Added Pin To Net: NetName=B1 Pin=P1-35
Added Pin To Net: NetName=B1 Pin=P5-13
Added Net: Name=B1
Added Pin To Net: NetName=B2 Pin=P1-34
Added Pin To Net: NetName=B2 Pin=P5-14
Added Net: Name=B2
Added Pin To Net: NetName=B3 Pin=P1-33
Added Pin To Net: NetName=B3 Pin=P5-15
Added Net: Name=B3
Added Pin To Net: NetName=B4 Pin=P1-32
Added Pin To Net: NetName=B4 Pin=P5-16
Added Net: Name=B4
Added Pin To Net: NetName=C1 Pin=P1-30
Added Pin To Net: NetName=C1 Pin=P5-8
Added Net: Name=C1
Added Pin To Net: NetName=C2 Pin=P1-29
Added Pin To Net: NetName=C2 Pin=P5-7
Added Net: Name=C2
Added Pin To Net: NetName=C3 Pin=P1-28
Added Pin To Net: NetName=C3 Pin=P5-6
Added Net: Name=C3
Added Pin To Net: NetName=C4 Pin=P1-27
Added Pin To Net: NetName=C4 Pin=P5-5
Added Net: Name=C4
Added Pin To Net: NetName=CAN1_H Pin=C3-2
Added Pin To Net: NetName=CAN1_H Pin=P4-2
Added Pin To Net: NetName=CAN1_H Pin=R1-2
Added Pin To Net: NetName=CAN1_H Pin=U2-7
Added Net: Name=CAN1_H
Added Pin To Net: NetName=CAN1_L Pin=C5-2
Added Pin To Net: NetName=CAN1_L Pin=P4-1
Added Pin To Net: NetName=CAN1_L Pin=R1-1
Added Pin To Net: NetName=CAN1_L Pin=U2-6
Added Net: Name=CAN1_L
Added Pin To Net: NetName=CAN1_MRX Pin=P2-16
Added Pin To Net: NetName=CAN1_MRX Pin=U2-1
Added Net: Name=CAN1_MRX
Added Pin To Net: NetName=CAN1_MTX Pin=P2-45
Added Pin To Net: NetName=CAN1_MTX Pin=U2-4
Added Net: Name=CAN1_MTX
Added Pin To Net: NetName=CAN2_H Pin=C8-2
Added Pin To Net: NetName=CAN2_H Pin=P5-18
Added Pin To Net: NetName=CAN2_H Pin=R7-2
Added Pin To Net: NetName=CAN2_H Pin=U4-7
Added Net: Name=CAN2_H
Added Pin To Net: NetName=CAN2_L Pin=C11-2
Added Pin To Net: NetName=CAN2_L Pin=P5-17
Added Pin To Net: NetName=CAN2_L Pin=R7-1
Added Pin To Net: NetName=CAN2_L Pin=U4-6
Added Net: Name=CAN2_L
Added Pin To Net: NetName=CAN2_MRX Pin=P1-31
Added Pin To Net: NetName=CAN2_MRX Pin=U4-1
Added Net: Name=CAN2_MRX
Added Pin To Net: NetName=CAN2_MTX Pin=P2-32
Added Pin To Net: NetName=CAN2_MTX Pin=U4-4
Added Net: Name=CAN2_MTX
Added Pin To Net: NetName=CSB_ACCEL Pin=P1-42
Added Pin To Net: NetName=CSB_ACCEL Pin=P6-5
Added Net: Name=CSB_ACCEL
Added Pin To Net: NetName=CSB_GYRO Pin=P1-19
Added Pin To Net: NetName=CSB_GYRO Pin=P6-4
Added Net: Name=CSB_GYRO
Added Pin To Net: NetName=D1 Pin=P1-23
Added Pin To Net: NetName=D1 Pin=P5-1
Added Net: Name=D1
Added Pin To Net: NetName=D2 Pin=P1-24
Added Pin To Net: NetName=D2 Pin=P5-2
Added Net: Name=D2
Added Pin To Net: NetName=D3 Pin=P1-25
Added Pin To Net: NetName=D3 Pin=P5-3
Added Net: Name=D3
Added Pin To Net: NetName=D4 Pin=P1-26
Added Pin To Net: NetName=D4 Pin=P5-4
Added Net: Name=D4
Added Pin To Net: NetName=DN Pin=*1-A7
Added Pin To Net: NetName=DN Pin=*1-B7
Added Net: Name=DN
Added Pin To Net: NetName=DP Pin=*1-A6
Added Pin To Net: NetName=DP Pin=*1-B6
Added Net: Name=DP
Added Pin To Net: NetName=GND Pin=1-2
Added Pin To Net: NetName=GND Pin=*1-13
Added Pin To Net: NetName=GND Pin=*1-14
Added Pin To Net: NetName=GND Pin=*1-15
Added Pin To Net: NetName=GND Pin=*1-16
Added Pin To Net: NetName=GND Pin=*1-A1B12
Added Pin To Net: NetName=GND Pin=*1-B1A12
Added Pin To Net: NetName=GND Pin=*2-13
Added Pin To Net: NetName=GND Pin=*2-14
Added Pin To Net: NetName=GND Pin=*2-15
Added Pin To Net: NetName=GND Pin=*2-16
Added Pin To Net: NetName=GND Pin=*2-A1B12
Added Pin To Net: NetName=GND Pin=*2-B1A12
Added Pin To Net: NetName=GND Pin=B1-1
Added Pin To Net: NetName=GND Pin=B2-1
Added Pin To Net: NetName=GND Pin=C1-1
Added Pin To Net: NetName=GND Pin=C2-2
Added Pin To Net: NetName=GND Pin=C3-1
Added Pin To Net: NetName=GND Pin=C4-2
Added Pin To Net: NetName=GND Pin=C5-1
Added Pin To Net: NetName=GND Pin=C6-1
Added Pin To Net: NetName=GND Pin=C7-1
Added Pin To Net: NetName=GND Pin=C8-1
Added Pin To Net: NetName=GND Pin=C9-2
Added Pin To Net: NetName=GND Pin=C10-1
Added Pin To Net: NetName=GND Pin=C11-1
Added Pin To Net: NetName=GND Pin=LED1-2
Added Pin To Net: NetName=GND Pin=LED2-2
Added Pin To Net: NetName=GND Pin=LED3-2
Added Pin To Net: NetName=GND Pin=P1-2
Added Pin To Net: NetName=GND Pin=P1-59
Added Pin To Net: NetName=GND Pin=P2-29
Added Pin To Net: NetName=GND Pin=P3-2
Added Pin To Net: NetName=GND Pin=P5-19
Added Pin To Net: NetName=GND Pin=P5-21
Added Pin To Net: NetName=GND Pin=P5-24
Added Pin To Net: NetName=GND Pin=P6-7
Added Pin To Net: NetName=GND Pin=U1-1
Added Pin To Net: NetName=GND Pin=U2-2
Added Pin To Net: NetName=GND Pin=U2-8
Added Pin To Net: NetName=GND Pin=U4-2
Added Pin To Net: NetName=GND Pin=U4-8
Added Net: Name=GND
Added Pin To Net: NetName=INT1 Pin=P1-20
Added Pin To Net: NetName=INT1 Pin=P6-8
Added Net: Name=INT1
Added Pin To Net: NetName=INT3 Pin=P1-41
Added Pin To Net: NetName=INT3 Pin=P6-9
Added Net: Name=INT3
Added Pin To Net: NetName=LED_Din Pin=P2-28
Added Pin To Net: NetName=LED_Din Pin=P5-20
Added Net: Name=LED_Din
Added Pin To Net: NetName=M_RX Pin=P2-34
Added Pin To Net: NetName=M_RX Pin=P5-22
Added Net: Name=M_RX
Added Pin To Net: NetName=M_TX Pin=P2-17
Added Pin To Net: NetName=M_TX Pin=P5-23
Added Net: Name=M_TX
Added Pin To Net: NetName=MISO Pin=P1-18
Added Pin To Net: NetName=MISO Pin=P6-1
Added Net: Name=MISO
Added Pin To Net: NetName=MOSI Pin=P1-43
Added Pin To Net: NetName=MOSI Pin=P6-2
Added Net: Name=MOSI
Added Pin To Net: NetName=NetLED1_1 Pin=LED1-1
Added Pin To Net: NetName=NetLED1_1 Pin=R4-1
Added Net: Name=NetLED1_1
Added Pin To Net: NetName=NetLED2_1 Pin=LED2-1
Added Pin To Net: NetName=NetLED2_1 Pin=R5-1
Added Net: Name=NetLED2_1
Added Pin To Net: NetName=NetLED3_1 Pin=LED3-1
Added Pin To Net: NetName=NetLED3_1 Pin=R6-1
Added Net: Name=NetLED3_1
Added Pin To Net: NetName=NRST Pin=B1-2
Added Pin To Net: NetName=NRST Pin=C6-2
Added Pin To Net: NetName=NRST Pin=P1-49
Added Pin To Net: NetName=NRST Pin=R2-1
Added Net: Name=NRST
Added Pin To Net: NetName=PA0 Pin=P1-15
Added Net: Name=PA0
Added Pin To Net: NetName=PA1 Pin=P1-46
Added Net: Name=PA1
Added Pin To Net: NetName=PA2 Pin=1-7
Added Pin To Net: NetName=PA2 Pin=P1-16
Added Net: Name=PA2
Added Pin To Net: NetName=PA3 Pin=1-6
Added Pin To Net: NetName=PA3 Pin=P1-45
Added Net: Name=PA3
Added Pin To Net: NetName=PA4 Pin=P1-17
Added Net: Name=PA4
Added Pin To Net: NetName=PA5 Pin=P1-44
Added Pin To Net: NetName=PA5 Pin=P6-3
Added Net: Name=PA5
Added Pin To Net: NetName=PA8 Pin=P2-43
Added Net: Name=PA8
Added Pin To Net: NetName=PA10 Pin=P2-44
Added Net: Name=PA10
Added Pin To Net: NetName=PA13 Pin=1-3
Added Pin To Net: NetName=PA13 Pin=P2-15
Added Net: Name=PA13
Added Pin To Net: NetName=PA14 Pin=1-1
Added Pin To Net: NetName=PA14 Pin=P2-46
Added Net: Name=PA14
Added Pin To Net: NetName=PA15 Pin=P2-14
Added Net: Name=PA15
Added Pin To Net: NetName=PB2 Pin=P1-21
Added Net: Name=PB2
Added Pin To Net: NetName=PB3 Pin=P2-56
Added Net: Name=PB3
Added Pin To Net: NetName=PB4 Pin=P2-4
Added Net: Name=PB4
Added Pin To Net: NetName=PB5 Pin=P2-57
Added Net: Name=PB5
Added Pin To Net: NetName=PB6 Pin=P2-3
Added Net: Name=PB6
Added Pin To Net: NetName=PB7 Pin=P2-58
Added Net: Name=PB7
Added Pin To Net: NetName=PB8 Pin=P2-2
Added Net: Name=PB8
Added Pin To Net: NetName=PB9 Pin=P2-59
Added Net: Name=PB9
Added Pin To Net: NetName=PB15 Pin=P2-33
Added Net: Name=PB15
Added Pin To Net: NetName=PC0 Pin=P1-13
Added Net: Name=PC0
Added Pin To Net: NetName=PC1 Pin=P1-48
Added Net: Name=PC1
Added Pin To Net: NetName=PC2 Pin=P1-14
Added Net: Name=PC2
Added Pin To Net: NetName=PC3 Pin=P1-47
Added Net: Name=PC3
Added Pin To Net: NetName=PC6 Pin=P2-41
Added Net: Name=PC6
Added Pin To Net: NetName=PC7 Pin=P2-19
Added Net: Name=PC7
Added Pin To Net: NetName=PC8 Pin=P2-42
Added Net: Name=PC8
Added Pin To Net: NetName=PC9 Pin=P2-18
Added Net: Name=PC9
Added Pin To Net: NetName=PC10 Pin=P2-47
Added Net: Name=PC10
Added Pin To Net: NetName=PC11 Pin=P2-13
Added Net: Name=PC11
Added Pin To Net: NetName=PC12 Pin=P2-48
Added Net: Name=PC12
Added Pin To Net: NetName=PC13 Pin=P1-56
Added Net: Name=PC13
Added Pin To Net: NetName=PC14 Pin=P1-6
Added Net: Name=PC14
Added Pin To Net: NetName=PC15 Pin=P1-55
Added Net: Name=PC15
Added Pin To Net: NetName=PD0 Pin=P2-12
Added Net: Name=PD0
Added Pin To Net: NetName=PD1 Pin=P2-49
Added Net: Name=PD1
Added Pin To Net: NetName=PD2 Pin=P2-11
Added Net: Name=PD2
Added Pin To Net: NetName=PD3 Pin=P2-50
Added Net: Name=PD3
Added Pin To Net: NetName=PD4 Pin=P2-10
Added Net: Name=PD4
Added Pin To Net: NetName=PD5 Pin=P2-51
Added Net: Name=PD5
Added Pin To Net: NetName=PD6 Pin=P2-9
Added Net: Name=PD6
Added Pin To Net: NetName=PD7 Pin=P2-52
Added Net: Name=PD7
Added Pin To Net: NetName=PD8 Pin=P2-27
Added Net: Name=PD8
Added Pin To Net: NetName=PD10 Pin=P2-26
Added Net: Name=PD10
Added Pin To Net: NetName=PD11 Pin=P2-35
Added Net: Name=PD11
Added Pin To Net: NetName=PD12 Pin=P2-25
Added Net: Name=PD12
Added Pin To Net: NetName=PD13 Pin=P2-36
Added Net: Name=PD13
Added Pin To Net: NetName=PD14 Pin=P2-24
Added Net: Name=PD14
Added Pin To Net: NetName=PD15 Pin=P2-37
Added Net: Name=PD15
Added Pin To Net: NetName=PE0 Pin=P2-1
Added Net: Name=PE0
Added Pin To Net: NetName=PE1 Pin=P2-60
Added Pin To Net: NetName=PE1 Pin=R4-2
Added Net: Name=PE1
Added Pin To Net: NetName=PE2 Pin=B2-2
Added Pin To Net: NetName=PE2 Pin=C7-2
Added Pin To Net: NetName=PE2 Pin=P1-3
Added Pin To Net: NetName=PE2 Pin=R3-1
Added Net: Name=PE2
Added Pin To Net: NetName=PE3 Pin=P1-58
Added Net: Name=PE3
Added Pin To Net: NetName=PE4 Pin=P1-4
Added Net: Name=PE4
Added Pin To Net: NetName=PE5 Pin=P1-57
Added Net: Name=PE5
Added Pin To Net: NetName=PE6 Pin=P1-5
Added Net: Name=PE6
Added Pin To Net: NetName=PF0 Pin=P1-7
Added Net: Name=PF0
Added Pin To Net: NetName=PF1 Pin=P1-54
Added Net: Name=PF1
Added Pin To Net: NetName=PF2 Pin=P1-8
Added Net: Name=PF2
Added Pin To Net: NetName=PF3 Pin=P1-53
Added Net: Name=PF3
Added Pin To Net: NetName=PF4 Pin=P1-9
Added Net: Name=PF4
Added Pin To Net: NetName=PF5 Pin=P1-52
Added Net: Name=PF5
Added Pin To Net: NetName=PF6 Pin=P1-10
Added Net: Name=PF6
Added Pin To Net: NetName=PF7 Pin=P1-51
Added Net: Name=PF7
Added Pin To Net: NetName=PF8 Pin=P1-11
Added Net: Name=PF8
Added Pin To Net: NetName=PF9 Pin=P1-50
Added Net: Name=PF9
Added Pin To Net: NetName=PF10 Pin=P1-12
Added Net: Name=PF10
Added Pin To Net: NetName=PF11 Pin=P1-40
Added Net: Name=PF11
Added Pin To Net: NetName=PF12 Pin=P1-22
Added Net: Name=PF12
Added Pin To Net: NetName=PG2 Pin=P2-23
Added Net: Name=PG2
Added Pin To Net: NetName=PG3 Pin=P2-38
Added Net: Name=PG3
Added Pin To Net: NetName=PG4 Pin=P2-22
Added Net: Name=PG4
Added Pin To Net: NetName=PG5 Pin=P2-39
Added Net: Name=PG5
Added Pin To Net: NetName=PG6 Pin=P2-21
Added Net: Name=PG6
Added Pin To Net: NetName=PG7 Pin=P2-40
Added Net: Name=PG7
Added Pin To Net: NetName=PG8 Pin=P2-20
Added Net: Name=PG8
Added Pin To Net: NetName=PG9 Pin=P2-8
Added Net: Name=PG9
Added Pin To Net: NetName=PG10 Pin=P2-53
Added Net: Name=PG10
Added Pin To Net: NetName=PG11 Pin=P2-7
Added Net: Name=PG11
Added Pin To Net: NetName=PG12 Pin=P2-54
Added Net: Name=PG12
Added Pin To Net: NetName=PG13 Pin=P2-6
Added Net: Name=PG13
Added Pin To Net: NetName=PG14 Pin=P2-55
Added Net: Name=PG14
Added Pin To Net: NetName=PG15 Pin=P2-5
Added Net: Name=PG15
Added Class: Name=main
Added Room: Name=main
