Removed Pin From Net: NetName=+3V3 Pin=P1-1
Removed Pin From Net: NetName=GND Pin=P1-2
Removed Pin From Net: NetName=PE2 Pin=P1-3
Removed Pin From Net: NetName=PE4 Pin=P1-4
Removed Pin From Net: NetName=PE6 Pin=P1-5
Removed Pin From Net: NetName=PC14 Pin=P1-6
Removed Pin From Net: NetName=PF0 Pin=P1-7
Removed Pin From Net: NetName=PF2 Pin=P1-8
Removed Pin From Net: NetName=PF4 Pin=P1-9
Removed Pin From Net: NetName=PF6 Pin=P1-10
Removed Pin From Net: NetName=PF8 Pin=P1-11
Removed Pin From Net: NetName=PF10 Pin=P1-12
Removed Pin From Net: NetName=PC0 Pin=P1-13
Removed Pin From Net: NetName=PC2 Pin=P1-14
Removed Pin From Net: NetName=PA0 Pin=P1-15
Removed Pin From Net: NetName=PA2 Pin=P1-16
Removed Pin From Net: NetName=PA4 Pin=P1-17
Removed Pin From Net: NetName=MISO Pin=P1-18
Removed Pin From Net: NetName=CSB_GYRO Pin=P1-19
Removed Pin From Net: NetName=INT1 Pin=P1-20
Removed Pin From Net: NetName=PB2 Pin=P1-21
Removed Pin From Net: NetName=PF12 Pin=P1-22
Removed Pin From Net: NetName=D1 Pin=P1-23
Removed Pin From Net: NetName=D2 Pin=P1-24
Removed Pin From Net: NetName=D3 Pin=P1-25
Removed Pin From Net: NetName=D4 Pin=P1-26
Removed Pin From Net: NetName=C4 Pin=P1-27
Removed Pin From Net: NetName=C3 Pin=P1-28
Removed Pin From Net: NetName=C2 Pin=P1-29
Removed Pin From Net: NetName=C1 Pin=P1-30
Removed Pin From Net: NetName=CAN2_MRX Pin=P1-31
Removed Pin From Net: NetName=B4 Pin=P1-32
Removed Pin From Net: NetName=B3 Pin=P1-33
Removed Pin From Net: NetName=B2 Pin=P1-34
Removed Pin From Net: NetName=B1 Pin=P1-35
Removed Pin From Net: NetName=A4 Pin=P1-36
Removed Pin From Net: NetName=A3 Pin=P1-37
Removed Pin From Net: NetName=A2 Pin=P1-38
Removed Pin From Net: NetName=A1 Pin=P1-39
Removed Pin From Net: NetName=PF11 Pin=P1-40
Removed Pin From Net: NetName=INT3 Pin=P1-41
Removed Pin From Net: NetName=CSB_ACCEL Pin=P1-42
Removed Pin From Net: NetName=MOSI Pin=P1-43
Removed Pin From Net: NetName=PA5 Pin=P1-44
Removed Pin From Net: NetName=PA3 Pin=P1-45
Removed Pin From Net: NetName=PA1 Pin=P1-46
Removed Pin From Net: NetName=PC3 Pin=P1-47
Removed Pin From Net: NetName=PC1 Pin=P1-48
Removed Pin From Net: NetName=NRST Pin=P1-49
Removed Pin From Net: NetName=PF9 Pin=P1-50
Removed Pin From Net: NetName=PF7 Pin=P1-51
Removed Pin From Net: NetName=PF5 Pin=P1-52
Removed Pin From Net: NetName=PF3 Pin=P1-53
Removed Pin From Net: NetName=PF1 Pin=P1-54
Removed Pin From Net: NetName=PC15 Pin=P1-55
Removed Pin From Net: NetName=PC13 Pin=P1-56
Removed Pin From Net: NetName=PE5 Pin=P1-57
Removed Pin From Net: NetName=PE3 Pin=P1-58
Removed Pin From Net: NetName=GND Pin=P1-59
Removed Pin From Net: NetName=+3V3 Pin=P1-60
Removed Member From Class: ClassName=main Member=P1
Added Component: Designator=P?(BTB_M_30*2*0.8mm)
Added Pin To Net: NetName=+3V3 Pin=P?-1
Added Pin To Net: NetName=GND Pin=P?-2
Added Pin To Net: NetName=PE3 Pin=P?-3
Added Pin To Net: NetName=PE5 Pin=P?-4
Added Pin To Net: NetName=PC13 Pin=P?-5
Added Pin To Net: NetName=PC15 Pin=P?-6
Added Pin To Net: NetName=PF1 Pin=P?-7
Added Pin To Net: NetName=PF3 Pin=P?-8
Added Pin To Net: NetName=PF5 Pin=P?-9
Added Pin To Net: NetName=PF7 Pin=P?-10
Added Pin To Net: NetName=PF9 Pin=P?-11
Added Pin To Net: NetName=NRST Pin=P?-12
Added Pin To Net: NetName=PC1 Pin=P?-13
Added Pin To Net: NetName=PC3 Pin=P?-14
Added Pin To Net: NetName=PA1 Pin=P?-15
Added Pin To Net: NetName=PA3 Pin=P?-16
Added Pin To Net: NetName=PA5 Pin=P?-17
Added Pin To Net: NetName=MOSI Pin=P?-18
Added Pin To Net: NetName=CSB_ACCEL Pin=P?-19
Added Pin To Net: NetName=INT3 Pin=P?-20
Added Pin To Net: NetName=PF11 Pin=P?-21
Added Pin To Net: NetName=A1 Pin=P?-22
Added Pin To Net: NetName=A2 Pin=P?-23
Added Pin To Net: NetName=A3 Pin=P?-24
Added Pin To Net: NetName=A4 Pin=P?-25
Added Pin To Net: NetName=B1 Pin=P?-26
Added Pin To Net: NetName=B2 Pin=P?-27
Added Pin To Net: NetName=B3 Pin=P?-28
Added Pin To Net: NetName=B4 Pin=P?-29
Added Pin To Net: NetName=CAN2_MRX Pin=P?-30
Added Pin To Net: NetName=C1 Pin=P?-31
Added Pin To Net: NetName=C2 Pin=P?-32
Added Pin To Net: NetName=C3 Pin=P?-33
Added Pin To Net: NetName=C4 Pin=P?-34
Added Pin To Net: NetName=D4 Pin=P?-35
Added Pin To Net: NetName=D3 Pin=P?-36
Added Pin To Net: NetName=D2 Pin=P?-37
Added Pin To Net: NetName=D1 Pin=P?-38
Added Pin To Net: NetName=PF12 Pin=P?-39
Added Pin To Net: NetName=PB2 Pin=P?-40
Added Pin To Net: NetName=INT1 Pin=P?-41
Added Pin To Net: NetName=CSB_GYRO Pin=P?-42
Added Pin To Net: NetName=MISO Pin=P?-43
Added Pin To Net: NetName=PA4 Pin=P?-44
Added Pin To Net: NetName=PA2 Pin=P?-45
Added Pin To Net: NetName=PA0 Pin=P?-46
Added Pin To Net: NetName=PC2 Pin=P?-47
Added Pin To Net: NetName=PC0 Pin=P?-48
Added Pin To Net: NetName=PF10 Pin=P?-49
Added Pin To Net: NetName=PF8 Pin=P?-50
Added Pin To Net: NetName=PF6 Pin=P?-51
Added Pin To Net: NetName=PF4 Pin=P?-52
Added Pin To Net: NetName=PF2 Pin=P?-53
Added Pin To Net: NetName=PF0 Pin=P?-54
Added Pin To Net: NetName=PC14 Pin=P?-55
Added Pin To Net: NetName=PE6 Pin=P?-56
Added Pin To Net: NetName=PE4 Pin=P?-57
Added Pin To Net: NetName=PE2 Pin=P?-58
Added Pin To Net: NetName=GND Pin=P?-59
Added Pin To Net: NetName=+3V3 Pin=P?-60
Added Member To Class: ClassName=main Member=Component P? BTB30P
Added Room: Name=main
