Removed Pin From Net: NetName=GND Pin=*1-13
Removed Pin From Net: NetName=GND Pin=*1-14
Removed Pin From Net: NetName=GND Pin=*1-15
Removed Pin From Net: NetName=GND Pin=*1-16
Removed Pin From Net: NetName=GND Pin=*1-A1B12
Removed Pin From Net: NetName=+5V Pin=*1-A4B9
Removed Pin From Net: NetName=GND Pin=*1-B1A12
Removed Pin From Net: NetName=+5V Pin=*1-B4A9
Removed Pin From Net: NetName=PA3 Pin=1-6
Removed Pin From Net: NetName=PA2 Pin=1-7
Removed Pin From Net: NetName=CAN1_MRX Pin=U2-1
Removed Pin From Net: NetName=CAN1_MTX Pin=U2-4
Removed Pin From Net: NetName=CAN2_MRX Pin=U4-1
Removed Pin From Net: NetName=CAN2_MTX Pin=U4-4
Removed Member From Class: ClassName=main Member=*1
Added Component: Designator=P?(XH2.54_AW_1*2)
Added Pin To Net: NetName=PA2 Pin=1-6
Added Pin To Net: NetName=PA3 Pin=1-7
Added Pin To Net: NetName=+5V Pin=P?-1
Added Pin To Net: NetName=GND Pin=P?-2
Added Pin To Net: NetName=CAN1_MTX Pin=U2-1
Added Pin To Net: NetName=CAN1_MRX Pin=U2-4
Added Pin To Net: NetName=CAN2_MTX Pin=U4-1
Added Pin To Net: NetName=CAN2_MRX Pin=U4-4
Added Member To Class: ClassName=main Member=Component P? BTB30P
Added Member To Class: ClassName=main Member=Component P? BTB30P
