Removed Pin From Net: NetName=PE0 Pin=P2-1
Removed Pin From Net: NetName=PB8 Pin=P2-2
Removed Pin From Net: NetName=PB6 Pin=P2-3
Removed Pin From Net: NetName=PB4 Pin=P2-4
Removed Pin From Net: NetName=PG15 Pin=P2-5
Removed Pin From Net: NetName=PG13 Pin=P2-6
Removed Pin From Net: NetName=PG11 Pin=P2-7
Removed Pin From Net: NetName=PG9 Pin=P2-8
Removed Pin From Net: NetName=PD6 Pin=P2-9
Removed Pin From Net: NetName=PD2 Pin=P2-11
Removed Pin From Net: NetName=PD0 Pin=P2-12
Removed Pin From Net: NetName=PC11 Pin=P2-13
Removed Pin From Net: NetName=PA15 Pin=P2-14
Removed Pin From Net: NetName=PA13 Pin=P2-15
Removed Pin From Net: NetName=CAN1_MRX Pin=P2-16
Removed Pin From Net: NetName=M_TX Pin=P2-17
Removed Pin From Net: NetName=PC7 Pin=P2-19
Removed Pin From Net: NetName=LED_Din Pin=P2-28
Removed Pin From Net: NetName=GND Pin=P2-29
Removed Pin From Net: NetName=+3V3 Pin=P2-30
Removed Pin From Net: NetName=+3V3 Pin=P2-31
Removed Pin From Net: NetName=CAN2_MTX Pin=P2-32
Removed Pin From Net: NetName=PB15 Pin=P2-33
Removed Pin From Net: NetName=M_RX Pin=P2-34
Removed Pin From Net: NetName=PA10 Pin=P2-44
Removed Pin From Net: NetName=CAN1_MTX Pin=P2-45
Removed Pin From Net: NetName=PA14 Pin=P2-46
Removed Pin From Net: NetName=PC12 Pin=P2-48
Removed Pin From Net: NetName=PD1 Pin=P2-49
Removed Pin From Net: NetName=PD3 Pin=P2-50
Removed Pin From Net: NetName=PG10 Pin=P2-53
Removed Pin From Net: NetName=PG12 Pin=P2-54
Removed Pin From Net: NetName=PG14 Pin=P2-55
Removed Pin From Net: NetName=PB3 Pin=P2-56
Removed Pin From Net: NetName=PB5 Pin=P2-57
Removed Pin From Net: NetName=PB7 Pin=P2-58
Removed Pin From Net: NetName=PB9 Pin=P2-59
Removed Pin From Net: NetName=PE1 Pin=P2-60
Removed Pin From Net: NetName=PE3 Pin=P?-3
Removed Pin From Net: NetName=NRST Pin=P?-12
Removed Pin From Net: NetName=PC3 Pin=P?-14
Removed Pin From Net: NetName=PA1 Pin=P?-15
Removed Pin From Net: NetName=PA3 Pin=P?-16
Removed Pin From Net: NetName=PA5 Pin=P?-17
Removed Pin From Net: NetName=MOSI Pin=P?-18
Removed Pin From Net: NetName=CSB_ACCEL Pin=P?-19
Removed Pin From Net: NetName=INT3 Pin=P?-20
Removed Pin From Net: NetName=A1 Pin=P?-22
Removed Pin From Net: NetName=A2 Pin=P?-23
Removed Pin From Net: NetName=A3 Pin=P?-24
Removed Pin From Net: NetName=A4 Pin=P?-25
Removed Pin From Net: NetName=B1 Pin=P?-26
Removed Pin From Net: NetName=B2 Pin=P?-27
Removed Pin From Net: NetName=B3 Pin=P?-28
Removed Pin From Net: NetName=B4 Pin=P?-29
Removed Pin From Net: NetName=CAN2_MRX Pin=P?-30
Removed Pin From Net: NetName=C1 Pin=P?-31
Removed Pin From Net: NetName=C2 Pin=P?-32
Removed Pin From Net: NetName=C3 Pin=P?-33
Removed Pin From Net: NetName=C4 Pin=P?-34
Removed Pin From Net: NetName=D4 Pin=P?-35
Removed Pin From Net: NetName=D3 Pin=P?-36
Removed Pin From Net: NetName=D2 Pin=P?-37
Removed Pin From Net: NetName=D1 Pin=P?-38
Removed Pin From Net: NetName=INT1 Pin=P?-41
Removed Pin From Net: NetName=CSB_GYRO Pin=P?-42
Removed Pin From Net: NetName=MISO Pin=P?-43
Removed Pin From Net: NetName=PA2 Pin=P?-45
Removed Pin From Net: NetName=PA0 Pin=P?-46
Removed Pin From Net: NetName=PC2 Pin=P?-47
Removed Pin From Net: NetName=PE4 Pin=P?-57
Removed Pin From Net: NetName=PE2 Pin=P?-58
Removed Pin From Net: NetName=GND Pin=P?-59
Removed Member From Class: ClassName=main Member=P2
Added Component: Designator=P?(BTB_M_30*2*0.8mm)
Added Pin To Net: NetName=CAN2_MRX Pin=P?-1
Added Pin To Net: NetName=B4 Pin=P?-2
Added Pin To Net: NetName=B3 Pin=P?-3
Added Pin To Net: NetName=LED_Din Pin=P?-3
Added Pin To Net: NetName=B2 Pin=P?-4
Added Pin To Net: NetName=B1 Pin=P?-5
Added Pin To Net: NetName=A4 Pin=P?-6
Added Pin To Net: NetName=A3 Pin=P?-7
Added Pin To Net: NetName=A2 Pin=P?-8
Added Pin To Net: NetName=A1 Pin=P?-9
Added Pin To Net: NetName=INT3 Pin=P?-11
Added Pin To Net: NetName=CSB_ACCEL Pin=P?-12
Added Pin To Net: NetName=PC7 Pin=P?-12
Added Pin To Net: NetName=MOSI Pin=P?-13
Added Pin To Net: NetName=M_TX Pin=P?-14
Added Pin To Net: NetName=PA5 Pin=P?-14
Added Pin To Net: NetName=CAN1_MRX Pin=P?-15
Added Pin To Net: NetName=PA3 Pin=P?-15
Added Pin To Net: NetName=PA1 Pin=P?-16
Added Pin To Net: NetName=PA13 Pin=P?-16
Added Pin To Net: NetName=PA15 Pin=P?-17
Added Pin To Net: NetName=PC3 Pin=P?-17
Added Pin To Net: NetName=PC11 Pin=P?-18
Added Pin To Net: NetName=NRST Pin=P?-19
Added Pin To Net: NetName=PD0 Pin=P?-19
Added Pin To Net: NetName=PD2 Pin=P?-20
Added Pin To Net: NetName=PD6 Pin=P?-22
Added Pin To Net: NetName=PG9 Pin=P?-23
Added Pin To Net: NetName=PG11 Pin=P?-24
Added Pin To Net: NetName=PG13 Pin=P?-25
Added Pin To Net: NetName=PG15 Pin=P?-26
Added Pin To Net: NetName=PB4 Pin=P?-27
Added Pin To Net: NetName=PB6 Pin=P?-28
Added Pin To Net: NetName=PE3 Pin=P?-28
Added Pin To Net: NetName=GND Pin=P?-29
Added Pin To Net: NetName=PB8 Pin=P?-29
Added Pin To Net: NetName=+3V3 Pin=P?-30
Added Pin To Net: NetName=PE0 Pin=P?-30
Added Pin To Net: NetName=+3V3 Pin=P?-31
Added Pin To Net: NetName=PE1 Pin=P?-31
Added Pin To Net: NetName=GND Pin=P?-32
Added Pin To Net: NetName=PB9 Pin=P?-32
Added Pin To Net: NetName=PB7 Pin=P?-33
Added Pin To Net: NetName=PE2 Pin=P?-33
Added Pin To Net: NetName=PB5 Pin=P?-34
Added Pin To Net: NetName=PE4 Pin=P?-34
Added Pin To Net: NetName=PB3 Pin=P?-35
Added Pin To Net: NetName=PG14 Pin=P?-36
Added Pin To Net: NetName=PG12 Pin=P?-37
Added Pin To Net: NetName=PG10 Pin=P?-38
Added Pin To Net: NetName=PD3 Pin=P?-41
Added Pin To Net: NetName=PD1 Pin=P?-42
Added Pin To Net: NetName=PC12 Pin=P?-43
Added Pin To Net: NetName=PC2 Pin=P?-44
Added Pin To Net: NetName=PA0 Pin=P?-45
Added Pin To Net: NetName=PA14 Pin=P?-45
Added Pin To Net: NetName=CAN1_MTX Pin=P?-46
Added Pin To Net: NetName=PA2 Pin=P?-46
Added Pin To Net: NetName=PA10 Pin=P?-47
Added Pin To Net: NetName=MISO Pin=P?-48
Added Pin To Net: NetName=CSB_GYRO Pin=P?-49
Added Pin To Net: NetName=INT1 Pin=P?-50
Added Pin To Net: NetName=D1 Pin=P?-53
Added Pin To Net: NetName=D2 Pin=P?-54
Added Pin To Net: NetName=D3 Pin=P?-55
Added Pin To Net: NetName=D4 Pin=P?-56
Added Pin To Net: NetName=C4 Pin=P?-57
Added Pin To Net: NetName=M_RX Pin=P?-57
Added Pin To Net: NetName=C3 Pin=P?-58
Added Pin To Net: NetName=PB15 Pin=P?-58
Added Pin To Net: NetName=C2 Pin=P?-59
Added Pin To Net: NetName=CAN2_MTX Pin=P?-59
Added Pin To Net: NetName=C1 Pin=P?-60
Change Net Name : Old Net Name=PA4 New Net Name=PC10
Change Net Name : Old Net Name=PB2 New Net Name=PD5
Change Net Name : Old Net Name=PC0 New Net Name=PA8
Change Net Name : Old Net Name=PC1 New Net Name=PC9
Change Net Name : Old Net Name=PC13 New Net Name=PD10
Change Net Name : Old Net Name=PC14 New Net Name=PD13
Change Net Name : Old Net Name=PC15 New Net Name=PD12
Change Net Name : Old Net Name=PE5 New Net Name=PD8
Change Net Name : Old Net Name=PE6 New Net Name=PD11
Change Net Name : Old Net Name=PF0 New Net Name=PD15
Change Net Name : Old Net Name=PF1 New Net Name=PD14
Change Net Name : Old Net Name=PF2 New Net Name=PG3
Change Net Name : Old Net Name=PF3 New Net Name=PG2
Change Net Name : Old Net Name=PF4 New Net Name=PG5
Change Net Name : Old Net Name=PF5 New Net Name=PG4
Change Net Name : Old Net Name=PF6 New Net Name=PG7
Change Net Name : Old Net Name=PF7 New Net Name=PG6
Change Net Name : Old Net Name=PF8 New Net Name=PC6
Change Net Name : Old Net Name=PF9 New Net Name=PG8
Change Net Name : Old Net Name=PF10 New Net Name=PC8
Change Net Name : Old Net Name=PF11 New Net Name=PD4
Change Net Name : Old Net Name=PF12 New Net Name=PD7
Added Pin To Net: NetName=PA4 Pin=P?-47
Added Net: Name=PA4
Added Pin To Net: NetName=PB2 Pin=P?-51
Added Net: Name=PB2
Added Pin To Net: NetName=PC0 Pin=P?-43
Added Net: Name=PC0
Added Pin To Net: NetName=PC1 Pin=P?-18
Added Net: Name=PC1
Added Pin To Net: NetName=PC13 Pin=P?-26
Added Net: Name=PC13
Added Pin To Net: NetName=PC14 Pin=P?-36
Added Net: Name=PC14
Added Pin To Net: NetName=PC15 Pin=P?-25
Added Net: Name=PC15
Added Pin To Net: NetName=PE5 Pin=P?-27
Added Net: Name=PE5
Added Pin To Net: NetName=PE6 Pin=P?-35
Added Net: Name=PE6
Added Pin To Net: NetName=PF0 Pin=P?-37
Added Net: Name=PF0
Added Pin To Net: NetName=PF1 Pin=P?-24
Added Net: Name=PF1
Added Pin To Net: NetName=PF2 Pin=P?-38
Added Net: Name=PF2
Added Pin To Net: NetName=PF3 Pin=P?-23
Added Net: Name=PF3
Added Pin To Net: NetName=PF4 Pin=P?-39
Added Net: Name=PF4
Added Pin To Net: NetName=PF5 Pin=P?-22
Added Net: Name=PF5
Added Pin To Net: NetName=PF6 Pin=P?-40
Added Net: Name=PF6
Added Pin To Net: NetName=PF7 Pin=P?-21
Added Net: Name=PF7
Added Pin To Net: NetName=PF8 Pin=P?-41
Added Net: Name=PF8
Added Pin To Net: NetName=PF9 Pin=P?-20
Added Net: Name=PF9
Added Pin To Net: NetName=PF10 Pin=P?-42
Added Net: Name=PF10
Added Pin To Net: NetName=PF11 Pin=P?-10
Added Net: Name=PF11
Added Pin To Net: NetName=PF12 Pin=P?-52
Added Net: Name=PF12
Added Member To Class: ClassName=main Member=Component P? BTB30P
