Added Component: Designator=U21(3535)
Added Component: Designator=U22(3535)
Added Component: Designator=U23(3535)
Added Component: Designator=U24(3535)
Added Component: Designator=U25(3535)
Added Pin To Net: NetName=+5 Pin=U21-1
Added Pin To Net: NetName=GND Pin=U21-3
Added Pin To Net: NetName=+5 Pin=U22-1
Added Pin To Net: NetName=GND Pin=U22-3
Added Pin To Net: NetName=+5 Pin=U23-1
Added Pin To Net: NetName=GND Pin=U23-3
Added Pin To Net: NetName=+5 Pin=U24-1
Added Pin To Net: NetName=GND Pin=U24-3
Added Pin To Net: NetName=+5 Pin=U25-1
Added Pin To Net: NetName=GND Pin=U25-3
Added Pin To Net: NetName=NetU20_2 Pin=U20-2
Added Pin To Net: NetName=NetU20_2 Pin=U21-4
Added Net: Name=NetU20_2
Added Pin To Net: NetName=NetU21_2 Pin=U21-2
Added Pin To Net: NetName=NetU21_2 Pin=U22-4
Added Net: Name=NetU21_2
Added Pin To Net: NetName=NetU22_2 Pin=U22-2
Added Pin To Net: NetName=NetU22_2 Pin=U23-4
Added Net: Name=NetU22_2
Added Pin To Net: NetName=NetU23_2 Pin=U23-2
Added Pin To Net: NetName=NetU23_2 Pin=U24-4
Added Net: Name=NetU23_2
Added Pin To Net: NetName=NetU24_2 Pin=U24-2
Added Pin To Net: NetName=NetU24_2 Pin=U25-4
Added Net: Name=NetU24_2
Added Member To Class: ClassName=main Member=Component U21 WS2812
Added Member To Class: ClassName=main Member=Component U22 WS2812
Added Member To Class: ClassName=main Member=Component U23 WS2812
Added Member To Class: ClassName=main Member=Component U24 WS2812
Added Member To Class: ClassName=main Member=Component U25 WS2812
